<?xml version="1.0" encoding="UTF-8"?>
<testng-results ignored="0" total="1" passed="1" failed="0" skipped="0">
  <reporter-output>
  </reporter-output>
  <suite started-at="2023-11-22T17:44:05 IST" name="Default suite" finished-at="2023-11-22T17:45:08 IST" duration-ms="62837">
    <groups>
    </groups>
    <test started-at="2023-11-22T17:44:05 IST" name="Default test" finished-at="2023-11-22T17:45:08 IST" duration-ms="62837">
      <class name="com.Selenium.Keka">
        <test-method is-config="true" signature="setUp()[pri:0, instance:com.Selenium.Keka@564fabc8]" started-at="2023-11-22T17:44:05 IST" name="setUp" finished-at="2023-11-22T17:44:07 IST" duration-ms="2340" status="PASS">
          <reporter-output>
          </reporter-output>
        </test-method> <!-- setUp -->
        <test-method signature="exp()[pri:0, instance:com.Selenium.Keka@564fabc8]" started-at="2023-11-22T17:44:07 IST" name="exp" finished-at="2023-11-22T17:45:07 IST" duration-ms="59678" status="PASS">
          <reporter-output>
          </reporter-output>
        </test-method> <!-- exp -->
        <test-method is-config="true" signature="tearDown()[pri:0, instance:com.Selenium.Keka@564fabc8]" started-at="2023-11-22T17:45:07 IST" name="tearDown" finished-at="2023-11-22T17:45:08 IST" duration-ms="773" status="PASS">
          <reporter-output>
          </reporter-output>
        </test-method> <!-- tearDown -->
      </class> <!-- com.Selenium.Keka -->
    </test> <!-- Default test -->
  </suite> <!-- Default suite -->
</testng-results>
